running egg_info
creating ../../build/my_lidar_controller/my_lidar_controller.egg-info
writing ../../build/my_lidar_controller/my_lidar_controller.egg-info/PKG-INFO
writing dependency_links to ../../build/my_lidar_controller/my_lidar_controller.egg-info/dependency_links.txt
writing requirements to ../../build/my_lidar_controller/my_lidar_controller.egg-info/requires.txt
writing top-level names to ../../build/my_lidar_controller/my_lidar_controller.egg-info/top_level.txt
writing manifest file '../../build/my_lidar_controller/my_lidar_controller.egg-info/SOURCES.txt'
reading manifest file '../../build/my_lidar_controller/my_lidar_controller.egg-info/SOURCES.txt'
writing manifest file '../../build/my_lidar_controller/my_lidar_controller.egg-info/SOURCES.txt'
running build
running build_py
creating /home/thesis/Lidar_controller_ws/build/my_lidar_controller/build
creating /home/thesis/Lidar_controller_ws/build/my_lidar_controller/build/lib
creating /home/thesis/Lidar_controller_ws/build/my_lidar_controller/build/lib/my_lidar_controller
copying my_lidar_controller/__init__.py -> /home/thesis/Lidar_controller_ws/build/my_lidar_controller/build/lib/my_lidar_controller
running install
running install_lib
creating /home/thesis/Lidar_controller_ws/install/my_lidar_controller/lib/python3.12/site-packages/my_lidar_controller
copying /home/thesis/Lidar_controller_ws/build/my_lidar_controller/build/lib/my_lidar_controller/__init__.py -> /home/thesis/Lidar_controller_ws/install/my_lidar_controller/lib/python3.12/site-packages/my_lidar_controller
byte-compiling /home/thesis/Lidar_controller_ws/install/my_lidar_controller/lib/python3.12/site-packages/my_lidar_controller/__init__.py to __init__.cpython-312.pyc
running install_data
creating /home/thesis/Lidar_controller_ws/install/my_lidar_controller/share/ament_index
creating /home/thesis/Lidar_controller_ws/install/my_lidar_controller/share/ament_index/resource_index
creating /home/thesis/Lidar_controller_ws/install/my_lidar_controller/share/ament_index/resource_index/packages
copying resource/my_lidar_controller -> /home/thesis/Lidar_controller_ws/install/my_lidar_controller/share/ament_index/resource_index/packages
copying package.xml -> /home/thesis/Lidar_controller_ws/install/my_lidar_controller/share/my_lidar_controller
running install_egg_info
Copying ../../build/my_lidar_controller/my_lidar_controller.egg-info to /home/thesis/Lidar_controller_ws/install/my_lidar_controller/lib/python3.12/site-packages/my_lidar_controller-0.0.0-py3.12.egg-info
running install_scripts
writing list of installed files to '/home/thesis/Lidar_controller_ws/build/my_lidar_controller/install.log'
