[1.133s] DEBUG:colcon:Command line arguments: ['/usr/bin/colcon', 'build', '--symlink-install']
[1.134s] DEBUG:colcon:Parsed command line arguments: Namespace(log_base=None, log_level=None, verb_name='build', build_base='build', install_base='install', merge_install=False, symlink_install=True, test_result_base=None, continue_on_error=False, executor='parallel', parallel_workers=4, event_handlers=None, ignore_user_meta=False, metas=['./colcon.meta'], base_paths=['.'], packages_ignore=None, packages_ignore_regex=None, paths=None, packages_up_to=None, packages_up_to_regex=None, packages_above=None, packages_above_and_dependencies=None, packages_above_depth=None, packages_select_by_dep=None, packages_skip_by_dep=None, packages_skip_up_to=None, packages_select_build_failed=False, packages_skip_build_finished=False, packages_select_test_failures=False, packages_skip_test_passed=False, packages_select=None, packages_skip=None, packages_select_regex=None, packages_skip_regex=None, packages_start=None, packages_end=None, allow_overriding=[], cmake_args=None, cmake_target=None, cmake_target_skip_unavailable=False, cmake_clean_cache=False, cmake_clean_first=False, cmake_force_configure=False, ament_cmake_args=None, catkin_cmake_args=None, catkin_skip_building_tests=False, mixin_files=None, mixin=None, verb_parser=<colcon_mixin.mixin.mixin_argument.MixinArgumentDecorator object at 0xffffa3ca64b0>, verb_extension=<colcon_core.verb.build.BuildVerb object at 0xffffa3bd50a0>, main=<bound method BuildVerb.main of <colcon_core.verb.build.BuildVerb object at 0xffffa3bd50a0>>, mixin_verb=('build',))
[1.448s] Level 1:colcon.colcon_core.package_discovery:discover_packages(colcon_meta) check parameters
[1.449s] Level 1:colcon.colcon_core.package_discovery:discover_packages(recursive) check parameters
[1.449s] Level 1:colcon.colcon_core.package_discovery:discover_packages(ignore) check parameters
[1.449s] Level 1:colcon.colcon_core.package_discovery:discover_packages(path) check parameters
[1.449s] Level 1:colcon.colcon_core.package_discovery:discover_packages(colcon_meta) discover
[1.450s] Level 1:colcon.colcon_core.package_discovery:discover_packages(recursive) discover
[1.450s] INFO:colcon.colcon_core.package_discovery:Crawling recursively for packages in '/home/thesis/Lidar_controller_ws'
[1.451s] Level 1:colcon.colcon_core.package_identification:_identify(.) by extensions ['ignore', 'ignore_ament_install']
[1.451s] Level 1:colcon.colcon_core.package_identification:_identify(.) by extension 'ignore'
[1.452s] Level 1:colcon.colcon_core.package_identification:_identify(.) by extension 'ignore_ament_install'
[1.452s] Level 1:colcon.colcon_core.package_identification:_identify(.) by extensions ['colcon_pkg']
[1.452s] Level 1:colcon.colcon_core.package_identification:_identify(.) by extension 'colcon_pkg'
[1.452s] Level 1:colcon.colcon_core.package_identification:_identify(.) by extensions ['colcon_meta']
[1.452s] Level 1:colcon.colcon_core.package_identification:_identify(.) by extension 'colcon_meta'
[1.452s] Level 1:colcon.colcon_core.package_identification:_identify(.) by extensions ['ros']
[1.453s] Level 1:colcon.colcon_core.package_identification:_identify(.) by extension 'ros'
[1.612s] Level 1:colcon.colcon_core.package_identification:_identify(.) by extensions ['cmake', 'python']
[1.612s] Level 1:colcon.colcon_core.package_identification:_identify(.) by extension 'cmake'
[1.612s] Level 1:colcon.colcon_core.package_identification:_identify(.) by extension 'python'
[1.612s] Level 1:colcon.colcon_core.package_identification:_identify(.) by extensions ['python_setup_py']
[1.612s] Level 1:colcon.colcon_core.package_identification:_identify(.) by extension 'python_setup_py'
[1.613s] Level 1:colcon.colcon_core.package_identification:_identify(build) by extensions ['ignore', 'ignore_ament_install']
[1.613s] Level 1:colcon.colcon_core.package_identification:_identify(build) by extension 'ignore'
[1.613s] Level 1:colcon.colcon_core.package_identification:_identify(build) ignored
[1.614s] Level 1:colcon.colcon_core.package_identification:_identify(install) by extensions ['ignore', 'ignore_ament_install']
[1.614s] Level 1:colcon.colcon_core.package_identification:_identify(install) by extension 'ignore'
[1.614s] Level 1:colcon.colcon_core.package_identification:_identify(install) ignored
[1.615s] Level 1:colcon.colcon_core.package_identification:_identify(log) by extensions ['ignore', 'ignore_ament_install']
[1.615s] Level 1:colcon.colcon_core.package_identification:_identify(log) by extension 'ignore'
[1.615s] Level 1:colcon.colcon_core.package_identification:_identify(log) ignored
[1.616s] Level 1:colcon.colcon_core.package_identification:_identify(src) by extensions ['ignore', 'ignore_ament_install']
[1.616s] Level 1:colcon.colcon_core.package_identification:_identify(src) by extension 'ignore'
[1.616s] Level 1:colcon.colcon_core.package_identification:_identify(src) by extension 'ignore_ament_install'
[1.616s] Level 1:colcon.colcon_core.package_identification:_identify(src) by extensions ['colcon_pkg']
[1.616s] Level 1:colcon.colcon_core.package_identification:_identify(src) by extension 'colcon_pkg'
[1.617s] Level 1:colcon.colcon_core.package_identification:_identify(src) by extensions ['colcon_meta']
[1.617s] Level 1:colcon.colcon_core.package_identification:_identify(src) by extension 'colcon_meta'
[1.617s] Level 1:colcon.colcon_core.package_identification:_identify(src) by extensions ['ros']
[1.617s] Level 1:colcon.colcon_core.package_identification:_identify(src) by extension 'ros'
[1.617s] Level 1:colcon.colcon_core.package_identification:_identify(src) by extensions ['cmake', 'python']
[1.617s] Level 1:colcon.colcon_core.package_identification:_identify(src) by extension 'cmake'
[1.618s] Level 1:colcon.colcon_core.package_identification:_identify(src) by extension 'python'
[1.618s] Level 1:colcon.colcon_core.package_identification:_identify(src) by extensions ['python_setup_py']
[1.618s] Level 1:colcon.colcon_core.package_identification:_identify(src) by extension 'python_setup_py'
[1.618s] Level 1:colcon.colcon_core.package_identification:_identify(src/my_lidar_controller) by extensions ['ignore', 'ignore_ament_install']
[1.619s] Level 1:colcon.colcon_core.package_identification:_identify(src/my_lidar_controller) by extension 'ignore'
[1.619s] Level 1:colcon.colcon_core.package_identification:_identify(src/my_lidar_controller) by extension 'ignore_ament_install'
[1.619s] Level 1:colcon.colcon_core.package_identification:_identify(src/my_lidar_controller) by extensions ['colcon_pkg']
[1.619s] Level 1:colcon.colcon_core.package_identification:_identify(src/my_lidar_controller) by extension 'colcon_pkg'
[1.619s] Level 1:colcon.colcon_core.package_identification:_identify(src/my_lidar_controller) by extensions ['colcon_meta']
[1.619s] Level 1:colcon.colcon_core.package_identification:_identify(src/my_lidar_controller) by extension 'colcon_meta'
[1.620s] Level 1:colcon.colcon_core.package_identification:_identify(src/my_lidar_controller) by extensions ['ros']
[1.620s] Level 1:colcon.colcon_core.package_identification:_identify(src/my_lidar_controller) by extension 'ros'
[1.628s] DEBUG:colcon.colcon_core.package_identification:Package 'src/my_lidar_controller' with type 'ros.ament_python' and name 'my_lidar_controller'
[1.628s] Level 1:colcon.colcon_core.package_discovery:discover_packages(recursive) using defaults
[1.629s] Level 1:colcon.colcon_core.package_discovery:discover_packages(ignore) discover
[1.629s] Level 1:colcon.colcon_core.package_discovery:discover_packages(ignore) using defaults
[1.629s] Level 1:colcon.colcon_core.package_discovery:discover_packages(path) discover
[1.629s] Level 1:colcon.colcon_core.package_discovery:discover_packages(path) using defaults
[1.816s] Level 1:colcon.colcon_core.package_discovery:discover_packages(prefix_path) check parameters
[1.816s] Level 1:colcon.colcon_core.package_discovery:discover_packages(prefix_path) discover
[1.934s] DEBUG:colcon.colcon_installed_package_information.package_discovery:Found 1 installed packages in /home/thesis/Lidar_controller_ws/install
[1.937s] DEBUG:colcon.colcon_installed_package_information.package_discovery:Found 1 installed packages in /home/thesis/ldlidar_ros2_ws/install
[1.940s] DEBUG:colcon.colcon_installed_package_information.package_discovery:Found 1 installed packages in /home/thesis/ros2_ws/install
[2.003s] DEBUG:colcon.colcon_installed_package_information.package_discovery:Found 362 installed packages in /home/thesis/ros2_jazzy/install
[2.060s] Level 1:colcon.colcon_core.package_discovery:discover_packages(prefix_path) using defaults
[3.814s] Level 5:colcon.colcon_core.verb:set package 'my_lidar_controller' build argument 'cmake_args' from command line to 'None'
[3.814s] Level 5:colcon.colcon_core.verb:set package 'my_lidar_controller' build argument 'cmake_target' from command line to 'None'
[3.815s] Level 5:colcon.colcon_core.verb:set package 'my_lidar_controller' build argument 'cmake_target_skip_unavailable' from command line to 'False'
[3.815s] Level 5:colcon.colcon_core.verb:set package 'my_lidar_controller' build argument 'cmake_clean_cache' from command line to 'False'
[3.815s] Level 5:colcon.colcon_core.verb:set package 'my_lidar_controller' build argument 'cmake_clean_first' from command line to 'False'
[3.815s] Level 5:colcon.colcon_core.verb:set package 'my_lidar_controller' build argument 'cmake_force_configure' from command line to 'False'
[3.815s] Level 5:colcon.colcon_core.verb:set package 'my_lidar_controller' build argument 'ament_cmake_args' from command line to 'None'
[3.815s] Level 5:colcon.colcon_core.verb:set package 'my_lidar_controller' build argument 'catkin_cmake_args' from command line to 'None'
[3.815s] Level 5:colcon.colcon_core.verb:set package 'my_lidar_controller' build argument 'catkin_skip_building_tests' from command line to 'False'
[3.815s] DEBUG:colcon.colcon_core.verb:Building package 'my_lidar_controller' with the following arguments: {'ament_cmake_args': None, 'build_base': '/home/thesis/Lidar_controller_ws/build/my_lidar_controller', 'catkin_cmake_args': None, 'catkin_skip_building_tests': False, 'cmake_args': None, 'cmake_clean_cache': False, 'cmake_clean_first': False, 'cmake_force_configure': False, 'cmake_target': None, 'cmake_target_skip_unavailable': False, 'install_base': '/home/thesis/Lidar_controller_ws/install/my_lidar_controller', 'merge_install': False, 'path': '/home/thesis/Lidar_controller_ws/src/my_lidar_controller', 'symlink_install': True, 'test_result_base': None}
[3.816s] INFO:colcon.colcon_core.executor:Executing jobs using 'parallel' executor
[3.819s] DEBUG:colcon.colcon_parallel_executor.executor.parallel:run_until_complete
[3.820s] INFO:colcon.colcon_ros.task.ament_python.build:Building ROS package in '/home/thesis/Lidar_controller_ws/src/my_lidar_controller' with build type 'ament_python'
[3.820s] Level 1:colcon.colcon_core.shell:create_environment_hook('my_lidar_controller', 'ament_prefix_path')
[3.863s] INFO:colcon.colcon_core.plugin_system:Skipping extension 'colcon_core.shell.bat': Not used on non-Windows systems
[3.865s] INFO:colcon.colcon_core.shell:Creating environment hook '/home/thesis/Lidar_controller_ws/install/my_lidar_controller/share/my_lidar_controller/hook/ament_prefix_path.ps1'
[3.868s] INFO:colcon.colcon_core.shell:Creating environment descriptor '/home/thesis/Lidar_controller_ws/install/my_lidar_controller/share/my_lidar_controller/hook/ament_prefix_path.dsv'
[3.875s] INFO:colcon.colcon_core.shell:Creating environment hook '/home/thesis/Lidar_controller_ws/install/my_lidar_controller/share/my_lidar_controller/hook/ament_prefix_path.sh'
[3.880s] INFO:colcon.colcon_core.shell:Skip shell extension 'powershell' for command environment: Not usable outside of PowerShell
[3.880s] DEBUG:colcon.colcon_core.shell:Skip shell extension 'dsv' for command environment
[6.960s] INFO:colcon.colcon_core.task.python.build:Building Python package in '/home/thesis/Lidar_controller_ws/src/my_lidar_controller'
[6.961s] INFO:colcon.colcon_core.shell:Skip shell extension 'powershell' for command environment: Not usable outside of PowerShell
[6.961s] DEBUG:colcon.colcon_core.shell:Skip shell extension 'dsv' for command environment
[14.239s] DEBUG:colcon.colcon_core.task.python.build:While undoing a previous installation files outside the Python library path are being ignored: /home/thesis/Lidar_controller_ws/install/my_lidar_controller/share/ament_index/resource_index/packages/my_lidar_controller
[14.239s] DEBUG:colcon.colcon_core.task.python.build:While undoing a previous installation files outside the Python library path are being ignored: /home/thesis/Lidar_controller_ws/install/my_lidar_controller/share/my_lidar_controller/package.xml
[14.250s] DEBUG:colcon.colcon_core.event_handler.log_command:Invoking command in '/home/thesis/Lidar_controller_ws/build/my_lidar_controller': DEBUGINFOD_URLS=https://debuginfod.ubuntu.com PYTHONPATH=/home/thesis/Lidar_controller_ws/build/my_lidar_controller/prefix_override:/usr/lib/python3/dist-packages/colcon_core/task/python/colcon_distutils_commands:/home/thesis/Lidar_controller_ws/install/my_lidar_controller/lib/python3.12/site-packages:${PYTHONPATH} /usr/bin/python3 -W ignore:setup.py install is deprecated setup.py develop --editable --build-directory /home/thesis/Lidar_controller_ws/build/my_lidar_controller/build --no-deps symlink_data --force
[23.666s] Level 1:colcon.colcon_core.shell:create_environment_hook('my_lidar_controller', 'pythonpath_develop')
[23.670s] INFO:colcon.colcon_core.shell:Creating environment hook '/home/thesis/Lidar_controller_ws/build/my_lidar_controller/share/my_lidar_controller/hook/pythonpath_develop.ps1'
[23.676s] DEBUG:colcon.colcon_core.event_handler.log_command:Invoked command in '/home/thesis/Lidar_controller_ws/build/my_lidar_controller' returned '0': DEBUGINFOD_URLS=https://debuginfod.ubuntu.com PYTHONPATH=/home/thesis/Lidar_controller_ws/build/my_lidar_controller/prefix_override:/usr/lib/python3/dist-packages/colcon_core/task/python/colcon_distutils_commands:/home/thesis/Lidar_controller_ws/install/my_lidar_controller/lib/python3.12/site-packages:${PYTHONPATH} /usr/bin/python3 -W ignore:setup.py install is deprecated setup.py develop --editable --build-directory /home/thesis/Lidar_controller_ws/build/my_lidar_controller/build --no-deps symlink_data --force
[23.678s] INFO:colcon.colcon_core.shell:Creating environment descriptor '/home/thesis/Lidar_controller_ws/build/my_lidar_controller/share/my_lidar_controller/hook/pythonpath_develop.dsv'
[23.684s] INFO:colcon.colcon_core.shell:Creating environment hook '/home/thesis/Lidar_controller_ws/build/my_lidar_controller/share/my_lidar_controller/hook/pythonpath_develop.sh'
[23.768s] Level 1:colcon.colcon_core.environment:checking '/home/thesis/Lidar_controller_ws/install/my_lidar_controller' for CMake module files
[23.782s] Level 1:colcon.colcon_core.environment:checking '/home/thesis/Lidar_controller_ws/install/my_lidar_controller' for CMake config files
[23.793s] Level 1:colcon.colcon_core.environment:checking '/home/thesis/Lidar_controller_ws/install/my_lidar_controller/lib'
[23.794s] Level 1:colcon.colcon_core.environment:checking '/home/thesis/Lidar_controller_ws/install/my_lidar_controller/bin'
[23.795s] Level 1:colcon.colcon_core.environment:checking '/home/thesis/Lidar_controller_ws/install/my_lidar_controller/lib/pkgconfig/my_lidar_controller.pc'
[23.797s] Level 1:colcon.colcon_core.environment:checking '/home/thesis/Lidar_controller_ws/install/my_lidar_controller/lib/python3.12/site-packages'
[23.798s] Level 1:colcon.colcon_core.shell:create_environment_hook('my_lidar_controller', 'pythonpath')
[23.799s] INFO:colcon.colcon_core.shell:Creating environment hook '/home/thesis/Lidar_controller_ws/install/my_lidar_controller/share/my_lidar_controller/hook/pythonpath.ps1'
[23.803s] INFO:colcon.colcon_core.shell:Creating environment descriptor '/home/thesis/Lidar_controller_ws/install/my_lidar_controller/share/my_lidar_controller/hook/pythonpath.dsv'
[23.809s] INFO:colcon.colcon_core.shell:Creating environment hook '/home/thesis/Lidar_controller_ws/install/my_lidar_controller/share/my_lidar_controller/hook/pythonpath.sh'
[23.825s] Level 1:colcon.colcon_core.environment:checking '/home/thesis/Lidar_controller_ws/install/my_lidar_controller/bin'
[23.826s] Level 1:colcon.colcon_core.environment:create_environment_scripts_only(my_lidar_controller)
[23.832s] INFO:colcon.colcon_core.shell:Creating package script '/home/thesis/Lidar_controller_ws/install/my_lidar_controller/share/my_lidar_controller/package.ps1'
[23.840s] INFO:colcon.colcon_core.shell:Creating package descriptor '/home/thesis/Lidar_controller_ws/install/my_lidar_controller/share/my_lidar_controller/package.dsv'
[23.845s] INFO:colcon.colcon_core.shell:Creating package script '/home/thesis/Lidar_controller_ws/install/my_lidar_controller/share/my_lidar_controller/package.sh'
[23.852s] INFO:colcon.colcon_core.shell:Creating package script '/home/thesis/Lidar_controller_ws/install/my_lidar_controller/share/my_lidar_controller/package.bash'
[23.859s] INFO:colcon.colcon_core.shell:Creating package script '/home/thesis/Lidar_controller_ws/install/my_lidar_controller/share/my_lidar_controller/package.zsh'
[23.865s] Level 1:colcon.colcon_core.environment:create_file_with_runtime_dependencies(/home/thesis/Lidar_controller_ws/install/my_lidar_controller/share/colcon-core/packages/my_lidar_controller)
[23.869s] DEBUG:colcon.colcon_parallel_executor.executor.parallel:closing loop
[23.872s] DEBUG:colcon.colcon_parallel_executor.executor.parallel:loop closed
[23.873s] DEBUG:colcon.colcon_parallel_executor.executor.parallel:run_until_complete finished with '0'
[23.873s] DEBUG:colcon.colcon_core.event_reactor:joining thread
[24.018s] INFO:colcon.colcon_core.plugin_system:Skipping extension 'colcon_notification.desktop_notification.terminal_notifier': Not used on non-Darwin systems
[24.018s] INFO:colcon.colcon_core.plugin_system:Skipping extension 'colcon_notification.desktop_notification.win32': Not used on non-Windows systems
[24.019s] INFO:colcon.colcon_notification.desktop_notification:Sending desktop notification using 'notify2'
[24.174s] DEBUG:colcon.colcon_core.event_reactor:joined thread
[24.177s] INFO:colcon.colcon_core.shell:Creating prefix script '/home/thesis/Lidar_controller_ws/install/local_setup.ps1'
[24.184s] INFO:colcon.colcon_core.shell:Creating prefix util module '/home/thesis/Lidar_controller_ws/install/_local_setup_util_ps1.py'
[24.243s] INFO:colcon.colcon_core.shell:Creating prefix chain script '/home/thesis/Lidar_controller_ws/install/setup.ps1'
[24.792s] INFO:colcon.colcon_core.shell:Creating prefix script '/home/thesis/Lidar_controller_ws/install/local_setup.sh'
[24.809s] INFO:colcon.colcon_core.shell:Creating prefix util module '/home/thesis/Lidar_controller_ws/install/_local_setup_util_sh.py'
[24.833s] INFO:colcon.colcon_core.shell:Creating prefix chain script '/home/thesis/Lidar_controller_ws/install/setup.sh'
[25.253s] INFO:colcon.colcon_core.shell:Creating prefix script '/home/thesis/Lidar_controller_ws/install/local_setup.bash'
[25.259s] INFO:colcon.colcon_core.shell:Creating prefix chain script '/home/thesis/Lidar_controller_ws/install/setup.bash'
[25.558s] INFO:colcon.colcon_core.shell:Creating prefix script '/home/thesis/Lidar_controller_ws/install/local_setup.zsh'
[25.569s] INFO:colcon.colcon_core.shell:Creating prefix chain script '/home/thesis/Lidar_controller_ws/install/setup.zsh'
