[4.126s] DEBUG:colcon:Command line arguments: ['/usr/bin/colcon', 'list', '-p', '--base-paths', '/home/thesis/Lidar_controller_ws']
[4.129s] DEBUG:colcon:Parsed command line arguments: Namespace(log_base=None, log_level=None, verb_name='list', build_base='build', ignore_user_meta=False, metas=['./colcon.meta'], base_paths=['/home/thesis/Lidar_controller_ws'], packages_ignore=None, packages_ignore_regex=None, paths=None, packages_up_to=None, packages_up_to_regex=None, packages_above=None, packages_above_and_dependencies=None, packages_above_depth=None, packages_select_by_dep=None, packages_skip_by_dep=None, packages_skip_up_to=None, packages_select_build_failed=False, packages_skip_build_finished=False, packages_select_test_failures=False, packages_skip_test_passed=False, packages_select=None, packages_skip=None, packages_select_regex=None, packages_skip_regex=None, packages_start=None, packages_end=None, allow_overriding=[], topological_order=False, names_only=False, paths_only=True, topological_graph=False, topological_graph_dot=False, topological_graph_density=False, topological_graph_legend=False, topological_graph_dot_cluster=False, topological_graph_dot_include_skipped=False, mixin_files=None, mixin=None, verb_parser=<colcon_mixin.mixin.mixin_argument.MixinArgumentDecorator object at 0xffffba2ef9b0>, verb_extension=<colcon_package_information.verb.list.ListVerb object at 0xffffba2eebd0>, main=<bound method ListVerb.main of <colcon_package_information.verb.list.ListVerb object at 0xffffba2eebd0>>, mixin_verb=('list',))
[5.980s] Level 1:colcon.colcon_core.package_discovery:discover_packages(colcon_meta) check parameters
[5.982s] Level 1:colcon.colcon_core.package_discovery:discover_packages(recursive) check parameters
[5.982s] Level 1:colcon.colcon_core.package_discovery:discover_packages(ignore) check parameters
[5.983s] Level 1:colcon.colcon_core.package_discovery:discover_packages(path) check parameters
[5.983s] Level 1:colcon.colcon_core.package_discovery:discover_packages(recursive) discover
[5.984s] INFO:colcon.colcon_core.package_discovery:Crawling recursively for packages in '/home/thesis/Lidar_controller_ws'
[5.985s] Level 1:colcon.colcon_core.package_identification:_identify(/home/thesis/Lidar_controller_ws) by extensions ['ignore', 'ignore_ament_install']
[5.986s] Level 1:colcon.colcon_core.package_identification:_identify(/home/thesis/Lidar_controller_ws) by extension 'ignore'
[5.987s] Level 1:colcon.colcon_core.package_identification:_identify(/home/thesis/Lidar_controller_ws) by extension 'ignore_ament_install'
[5.988s] Level 1:colcon.colcon_core.package_identification:_identify(/home/thesis/Lidar_controller_ws) by extensions ['colcon_pkg']
[5.989s] Level 1:colcon.colcon_core.package_identification:_identify(/home/thesis/Lidar_controller_ws) by extension 'colcon_pkg'
[5.991s] Level 1:colcon.colcon_core.package_identification:_identify(/home/thesis/Lidar_controller_ws) by extensions ['colcon_meta']
[5.992s] Level 1:colcon.colcon_core.package_identification:_identify(/home/thesis/Lidar_controller_ws) by extension 'colcon_meta'
[5.993s] Level 1:colcon.colcon_core.package_identification:_identify(/home/thesis/Lidar_controller_ws) by extensions ['ros']
[5.994s] Level 1:colcon.colcon_core.package_identification:_identify(/home/thesis/Lidar_controller_ws) by extension 'ros'
[6.584s] Level 1:colcon.colcon_core.package_identification:_identify(/home/thesis/Lidar_controller_ws) by extensions ['cmake', 'python']
[6.590s] Level 1:colcon.colcon_core.package_identification:_identify(/home/thesis/Lidar_controller_ws) by extension 'cmake'
[6.590s] Level 1:colcon.colcon_core.package_identification:_identify(/home/thesis/Lidar_controller_ws) by extension 'python'
[6.591s] Level 1:colcon.colcon_core.package_identification:_identify(/home/thesis/Lidar_controller_ws) by extensions ['python_setup_py']
[6.592s] Level 1:colcon.colcon_core.package_identification:_identify(/home/thesis/Lidar_controller_ws) by extension 'python_setup_py'
[6.595s] Level 1:colcon.colcon_core.package_identification:_identify(/home/thesis/Lidar_controller_ws/build) by extensions ['ignore', 'ignore_ament_install']
[6.598s] Level 1:colcon.colcon_core.package_identification:_identify(/home/thesis/Lidar_controller_ws/build) by extension 'ignore'
[6.599s] Level 1:colcon.colcon_core.package_identification:_identify(/home/thesis/Lidar_controller_ws/build) ignored
[6.601s] Level 1:colcon.colcon_core.package_identification:_identify(/home/thesis/Lidar_controller_ws/install) by extensions ['ignore', 'ignore_ament_install']
[6.602s] Level 1:colcon.colcon_core.package_identification:_identify(/home/thesis/Lidar_controller_ws/install) by extension 'ignore'
[6.603s] Level 1:colcon.colcon_core.package_identification:_identify(/home/thesis/Lidar_controller_ws/install) ignored
[6.605s] Level 1:colcon.colcon_core.package_identification:_identify(/home/thesis/Lidar_controller_ws/log) by extensions ['ignore', 'ignore_ament_install']
[6.608s] Level 1:colcon.colcon_core.package_identification:_identify(/home/thesis/Lidar_controller_ws/log) by extension 'ignore'
[6.609s] Level 1:colcon.colcon_core.package_identification:_identify(/home/thesis/Lidar_controller_ws/log) ignored
[6.610s] Level 1:colcon.colcon_core.package_identification:_identify(/home/thesis/Lidar_controller_ws/src) by extensions ['ignore', 'ignore_ament_install']
[6.612s] Level 1:colcon.colcon_core.package_identification:_identify(/home/thesis/Lidar_controller_ws/src) by extension 'ignore'
[6.613s] Level 1:colcon.colcon_core.package_identification:_identify(/home/thesis/Lidar_controller_ws/src) by extension 'ignore_ament_install'
[6.616s] Level 1:colcon.colcon_core.package_identification:_identify(/home/thesis/Lidar_controller_ws/src) by extensions ['colcon_pkg']
[6.617s] Level 1:colcon.colcon_core.package_identification:_identify(/home/thesis/Lidar_controller_ws/src) by extension 'colcon_pkg'
[6.618s] Level 1:colcon.colcon_core.package_identification:_identify(/home/thesis/Lidar_controller_ws/src) by extensions ['colcon_meta']
[6.619s] Level 1:colcon.colcon_core.package_identification:_identify(/home/thesis/Lidar_controller_ws/src) by extension 'colcon_meta'
[6.620s] Level 1:colcon.colcon_core.package_identification:_identify(/home/thesis/Lidar_controller_ws/src) by extensions ['ros']
[6.622s] Level 1:colcon.colcon_core.package_identification:_identify(/home/thesis/Lidar_controller_ws/src) by extension 'ros'
[6.623s] Level 1:colcon.colcon_core.package_identification:_identify(/home/thesis/Lidar_controller_ws/src) by extensions ['cmake', 'python']
[6.624s] Level 1:colcon.colcon_core.package_identification:_identify(/home/thesis/Lidar_controller_ws/src) by extension 'cmake'
[6.624s] Level 1:colcon.colcon_core.package_identification:_identify(/home/thesis/Lidar_controller_ws/src) by extension 'python'
[6.625s] Level 1:colcon.colcon_core.package_identification:_identify(/home/thesis/Lidar_controller_ws/src) by extensions ['python_setup_py']
[6.626s] Level 1:colcon.colcon_core.package_identification:_identify(/home/thesis/Lidar_controller_ws/src) by extension 'python_setup_py'
[6.629s] Level 1:colcon.colcon_core.package_identification:_identify(/home/thesis/Lidar_controller_ws/src/my_lidar_controller) by extensions ['ignore', 'ignore_ament_install']
[6.631s] Level 1:colcon.colcon_core.package_identification:_identify(/home/thesis/Lidar_controller_ws/src/my_lidar_controller) by extension 'ignore'
[6.633s] Level 1:colcon.colcon_core.package_identification:_identify(/home/thesis/Lidar_controller_ws/src/my_lidar_controller) by extension 'ignore_ament_install'
[6.635s] Level 1:colcon.colcon_core.package_identification:_identify(/home/thesis/Lidar_controller_ws/src/my_lidar_controller) by extensions ['colcon_pkg']
[6.636s] Level 1:colcon.colcon_core.package_identification:_identify(/home/thesis/Lidar_controller_ws/src/my_lidar_controller) by extension 'colcon_pkg'
[6.637s] Level 1:colcon.colcon_core.package_identification:_identify(/home/thesis/Lidar_controller_ws/src/my_lidar_controller) by extensions ['colcon_meta']
[6.637s] Level 1:colcon.colcon_core.package_identification:_identify(/home/thesis/Lidar_controller_ws/src/my_lidar_controller) by extension 'colcon_meta'
[6.638s] Level 1:colcon.colcon_core.package_identification:_identify(/home/thesis/Lidar_controller_ws/src/my_lidar_controller) by extensions ['ros']
[6.638s] Level 1:colcon.colcon_core.package_identification:_identify(/home/thesis/Lidar_controller_ws/src/my_lidar_controller) by extension 'ros'
[6.669s] DEBUG:colcon.colcon_core.package_identification:Package '/home/thesis/Lidar_controller_ws/src/my_lidar_controller' with type 'ros.ament_python' and name 'my_lidar_controller'
[6.669s] Level 1:colcon.colcon_core.package_discovery:discover_packages(recursive) using defaults
