[3.137s] DEBUG:colcon:Command line arguments: ['/usr/bin/colcon', 'build']
[3.138s] DEBUG:colcon:Parsed command line arguments: Namespace(log_base=None, log_level=None, verb_name='build', build_base='build', install_base='install', merge_install=False, symlink_install=False, test_result_base=None, continue_on_error=False, executor='parallel', parallel_workers=4, event_handlers=None, ignore_user_meta=False, metas=['./colcon.meta'], base_paths=['.'], packages_ignore=None, packages_ignore_regex=None, paths=None, packages_up_to=None, packages_up_to_regex=None, packages_above=None, packages_above_and_dependencies=None, packages_above_depth=None, packages_select_by_dep=None, packages_skip_by_dep=None, packages_skip_up_to=None, packages_select_build_failed=False, packages_skip_build_finished=False, packages_select_test_failures=False, packages_skip_test_passed=False, packages_select=None, packages_skip=None, packages_select_regex=None, packages_skip_regex=None, packages_start=None, packages_end=None, allow_overriding=[], cmake_args=None, cmake_target=None, cmake_target_skip_unavailable=False, cmake_clean_cache=False, cmake_clean_first=False, cmake_force_configure=False, ament_cmake_args=None, catkin_cmake_args=None, catkin_skip_building_tests=False, mixin_files=None, mixin=None, verb_parser=<colcon_mixin.mixin.mixin_argument.MixinArgumentDecorator object at 0xffff8ba26330>, verb_extension=<colcon_core.verb.build.BuildVerb object at 0xffff8b9550a0>, main=<bound method BuildVerb.main of <colcon_core.verb.build.BuildVerb object at 0xffff8b9550a0>>, mixin_verb=('build',))
[5.327s] Level 1:colcon.colcon_core.package_discovery:discover_packages(colcon_meta) check parameters
[5.328s] Level 1:colcon.colcon_core.package_discovery:discover_packages(recursive) check parameters
[5.328s] Level 1:colcon.colcon_core.package_discovery:discover_packages(ignore) check parameters
[5.329s] Level 1:colcon.colcon_core.package_discovery:discover_packages(path) check parameters
[5.329s] Level 1:colcon.colcon_core.package_discovery:discover_packages(colcon_meta) discover
[5.329s] Level 1:colcon.colcon_core.package_discovery:discover_packages(recursive) discover
[5.329s] INFO:colcon.colcon_core.package_discovery:Crawling recursively for packages in '/home/thesis/Lidar_controller_ws'
[5.332s] Level 1:colcon.colcon_core.package_identification:_identify(.) by extensions ['ignore', 'ignore_ament_install']
[5.333s] Level 1:colcon.colcon_core.package_identification:_identify(.) by extension 'ignore'
[5.338s] Level 1:colcon.colcon_core.package_identification:_identify(.) by extension 'ignore_ament_install'
[5.341s] Level 1:colcon.colcon_core.package_identification:_identify(.) by extensions ['colcon_pkg']
[5.341s] Level 1:colcon.colcon_core.package_identification:_identify(.) by extension 'colcon_pkg'
[5.344s] Level 1:colcon.colcon_core.package_identification:_identify(.) by extensions ['colcon_meta']
[5.347s] Level 1:colcon.colcon_core.package_identification:_identify(.) by extension 'colcon_meta'
[5.349s] Level 1:colcon.colcon_core.package_identification:_identify(.) by extensions ['ros']
[5.349s] Level 1:colcon.colcon_core.package_identification:_identify(.) by extension 'ros'
[6.147s] Level 1:colcon.colcon_core.package_identification:_identify(.) by extensions ['cmake', 'python']
[6.148s] Level 1:colcon.colcon_core.package_identification:_identify(.) by extension 'cmake'
[6.149s] Level 1:colcon.colcon_core.package_identification:_identify(.) by extension 'python'
[6.149s] Level 1:colcon.colcon_core.package_identification:_identify(.) by extensions ['python_setup_py']
[6.150s] Level 1:colcon.colcon_core.package_identification:_identify(.) by extension 'python_setup_py'
[6.151s] Level 1:colcon.colcon_core.package_identification:_identify(build) by extensions ['ignore', 'ignore_ament_install']
[6.153s] Level 1:colcon.colcon_core.package_identification:_identify(build) by extension 'ignore'
[6.154s] Level 1:colcon.colcon_core.package_identification:_identify(build) ignored
[6.156s] Level 1:colcon.colcon_core.package_identification:_identify(install) by extensions ['ignore', 'ignore_ament_install']
[6.159s] Level 1:colcon.colcon_core.package_identification:_identify(install) by extension 'ignore'
[6.160s] Level 1:colcon.colcon_core.package_identification:_identify(install) ignored
[6.161s] Level 1:colcon.colcon_core.package_identification:_identify(log) by extensions ['ignore', 'ignore_ament_install']
[6.162s] Level 1:colcon.colcon_core.package_identification:_identify(log) by extension 'ignore'
[6.162s] Level 1:colcon.colcon_core.package_identification:_identify(log) ignored
[6.164s] Level 1:colcon.colcon_core.package_identification:_identify(src) by extensions ['ignore', 'ignore_ament_install']
[6.164s] Level 1:colcon.colcon_core.package_identification:_identify(src) by extension 'ignore'
[6.165s] Level 1:colcon.colcon_core.package_identification:_identify(src) by extension 'ignore_ament_install'
[6.166s] Level 1:colcon.colcon_core.package_identification:_identify(src) by extensions ['colcon_pkg']
[6.167s] Level 1:colcon.colcon_core.package_identification:_identify(src) by extension 'colcon_pkg'
[6.172s] Level 1:colcon.colcon_core.package_identification:_identify(src) by extensions ['colcon_meta']
[6.175s] Level 1:colcon.colcon_core.package_identification:_identify(src) by extension 'colcon_meta'
[6.176s] Level 1:colcon.colcon_core.package_identification:_identify(src) by extensions ['ros']
[6.176s] Level 1:colcon.colcon_core.package_identification:_identify(src) by extension 'ros'
[6.178s] Level 1:colcon.colcon_core.package_identification:_identify(src) by extensions ['cmake', 'python']
[6.182s] Level 1:colcon.colcon_core.package_identification:_identify(src) by extension 'cmake'
[6.182s] Level 1:colcon.colcon_core.package_identification:_identify(src) by extension 'python'
[6.183s] Level 1:colcon.colcon_core.package_identification:_identify(src) by extensions ['python_setup_py']
[6.184s] Level 1:colcon.colcon_core.package_identification:_identify(src) by extension 'python_setup_py'
[6.185s] Level 1:colcon.colcon_core.package_identification:_identify(src/my_lidar_controller) by extensions ['ignore', 'ignore_ament_install']
[6.186s] Level 1:colcon.colcon_core.package_identification:_identify(src/my_lidar_controller) by extension 'ignore'
[6.190s] Level 1:colcon.colcon_core.package_identification:_identify(src/my_lidar_controller) by extension 'ignore_ament_install'
[6.195s] Level 1:colcon.colcon_core.package_identification:_identify(src/my_lidar_controller) by extensions ['colcon_pkg']
[6.195s] Level 1:colcon.colcon_core.package_identification:_identify(src/my_lidar_controller) by extension 'colcon_pkg'
[6.196s] Level 1:colcon.colcon_core.package_identification:_identify(src/my_lidar_controller) by extensions ['colcon_meta']
[6.196s] Level 1:colcon.colcon_core.package_identification:_identify(src/my_lidar_controller) by extension 'colcon_meta'
[6.196s] Level 1:colcon.colcon_core.package_identification:_identify(src/my_lidar_controller) by extensions ['ros']
[6.197s] Level 1:colcon.colcon_core.package_identification:_identify(src/my_lidar_controller) by extension 'ros'
[6.277s] DEBUG:colcon.colcon_core.package_identification:Package 'src/my_lidar_controller' with type 'ros.ament_python' and name 'my_lidar_controller'
[6.278s] Level 1:colcon.colcon_core.package_discovery:discover_packages(recursive) using defaults
[6.294s] Level 1:colcon.colcon_core.package_discovery:discover_packages(ignore) discover
[6.295s] Level 1:colcon.colcon_core.package_discovery:discover_packages(ignore) using defaults
[6.300s] Level 1:colcon.colcon_core.package_discovery:discover_packages(path) discover
[6.301s] Level 1:colcon.colcon_core.package_discovery:discover_packages(path) using defaults
[6.784s] Level 1:colcon.colcon_core.package_discovery:discover_packages(prefix_path) check parameters
[6.785s] Level 1:colcon.colcon_core.package_discovery:discover_packages(prefix_path) discover
[7.371s] DEBUG:colcon.colcon_installed_package_information.package_discovery:Found 0 installed packages in /home/thesis/Lidar_controller_ws/install
[7.382s] DEBUG:colcon.colcon_installed_package_information.package_discovery:Found 1 installed packages in /home/thesis/ldlidar_ros2_ws/install
[7.403s] DEBUG:colcon.colcon_installed_package_information.package_discovery:Found 1 installed packages in /home/thesis/ros2_ws/install
[7.620s] DEBUG:colcon.colcon_installed_package_information.package_discovery:Found 362 installed packages in /home/thesis/ros2_jazzy/install
[8.070s] Level 1:colcon.colcon_core.package_discovery:discover_packages(prefix_path) using defaults
[9.059s] Level 5:colcon.colcon_core.verb:set package 'my_lidar_controller' build argument 'cmake_args' from command line to 'None'
[9.059s] Level 5:colcon.colcon_core.verb:set package 'my_lidar_controller' build argument 'cmake_target' from command line to 'None'
[9.060s] Level 5:colcon.colcon_core.verb:set package 'my_lidar_controller' build argument 'cmake_target_skip_unavailable' from command line to 'False'
[9.060s] Level 5:colcon.colcon_core.verb:set package 'my_lidar_controller' build argument 'cmake_clean_cache' from command line to 'False'
[9.060s] Level 5:colcon.colcon_core.verb:set package 'my_lidar_controller' build argument 'cmake_clean_first' from command line to 'False'
[9.061s] Level 5:colcon.colcon_core.verb:set package 'my_lidar_controller' build argument 'cmake_force_configure' from command line to 'False'
[9.061s] Level 5:colcon.colcon_core.verb:set package 'my_lidar_controller' build argument 'ament_cmake_args' from command line to 'None'
[9.061s] Level 5:colcon.colcon_core.verb:set package 'my_lidar_controller' build argument 'catkin_cmake_args' from command line to 'None'
[9.061s] Level 5:colcon.colcon_core.verb:set package 'my_lidar_controller' build argument 'catkin_skip_building_tests' from command line to 'False'
[9.061s] DEBUG:colcon.colcon_core.verb:Building package 'my_lidar_controller' with the following arguments: {'ament_cmake_args': None, 'build_base': '/home/thesis/Lidar_controller_ws/build/my_lidar_controller', 'catkin_cmake_args': None, 'catkin_skip_building_tests': False, 'cmake_args': None, 'cmake_clean_cache': False, 'cmake_clean_first': False, 'cmake_force_configure': False, 'cmake_target': None, 'cmake_target_skip_unavailable': False, 'install_base': '/home/thesis/Lidar_controller_ws/install/my_lidar_controller', 'merge_install': False, 'path': '/home/thesis/Lidar_controller_ws/src/my_lidar_controller', 'symlink_install': False, 'test_result_base': None}
[9.062s] INFO:colcon.colcon_core.executor:Executing jobs using 'parallel' executor
[9.075s] DEBUG:colcon.colcon_parallel_executor.executor.parallel:run_until_complete
[9.081s] INFO:colcon.colcon_ros.task.ament_python.build:Building ROS package in '/home/thesis/Lidar_controller_ws/src/my_lidar_controller' with build type 'ament_python'
[9.082s] Level 1:colcon.colcon_core.shell:create_environment_hook('my_lidar_controller', 'ament_prefix_path')
[9.142s] INFO:colcon.colcon_core.plugin_system:Skipping extension 'colcon_core.shell.bat': Not used on non-Windows systems
[9.144s] INFO:colcon.colcon_core.shell:Creating environment hook '/home/thesis/Lidar_controller_ws/install/my_lidar_controller/share/my_lidar_controller/hook/ament_prefix_path.ps1'
[9.169s] INFO:colcon.colcon_core.shell:Creating environment descriptor '/home/thesis/Lidar_controller_ws/install/my_lidar_controller/share/my_lidar_controller/hook/ament_prefix_path.dsv'
[9.179s] INFO:colcon.colcon_core.shell:Creating environment hook '/home/thesis/Lidar_controller_ws/install/my_lidar_controller/share/my_lidar_controller/hook/ament_prefix_path.sh'
[9.186s] INFO:colcon.colcon_core.shell:Skip shell extension 'powershell' for command environment: Not usable outside of PowerShell
[9.187s] DEBUG:colcon.colcon_core.shell:Skip shell extension 'dsv' for command environment
[19.285s] INFO:colcon.colcon_core.task.python.build:Building Python package in '/home/thesis/Lidar_controller_ws/src/my_lidar_controller'
[19.286s] INFO:colcon.colcon_core.shell:Skip shell extension 'powershell' for command environment: Not usable outside of PowerShell
[19.287s] DEBUG:colcon.colcon_core.shell:Skip shell extension 'dsv' for command environment
[37.479s] DEBUG:colcon.colcon_core.event_handler.log_command:Invoking command in '/home/thesis/Lidar_controller_ws/src/my_lidar_controller': DEBUGINFOD_URLS=https://debuginfod.ubuntu.com PYTHONPATH=/home/thesis/Lidar_controller_ws/build/my_lidar_controller/prefix_override:/usr/lib/python3/dist-packages/colcon_core/task/python/colcon_distutils_commands:/home/thesis/Lidar_controller_ws/install/my_lidar_controller/lib/python3.12/site-packages:${PYTHONPATH} /usr/bin/python3 -W ignore:setup.py install is deprecated setup.py egg_info --egg-base ../../build/my_lidar_controller build --build-base /home/thesis/Lidar_controller_ws/build/my_lidar_controller/build install --record /home/thesis/Lidar_controller_ws/build/my_lidar_controller/install.log --single-version-externally-managed install_data
[45.053s] DEBUG:colcon.colcon_core.event_handler.log_command:Invoked command in '/home/thesis/Lidar_controller_ws/src/my_lidar_controller' returned '0': DEBUGINFOD_URLS=https://debuginfod.ubuntu.com PYTHONPATH=/home/thesis/Lidar_controller_ws/build/my_lidar_controller/prefix_override:/usr/lib/python3/dist-packages/colcon_core/task/python/colcon_distutils_commands:/home/thesis/Lidar_controller_ws/install/my_lidar_controller/lib/python3.12/site-packages:${PYTHONPATH} /usr/bin/python3 -W ignore:setup.py install is deprecated setup.py egg_info --egg-base ../../build/my_lidar_controller build --build-base /home/thesis/Lidar_controller_ws/build/my_lidar_controller/build install --record /home/thesis/Lidar_controller_ws/build/my_lidar_controller/install.log --single-version-externally-managed install_data
[45.102s] Level 1:colcon.colcon_core.environment:checking '/home/thesis/Lidar_controller_ws/install/my_lidar_controller' for CMake module files
[45.105s] Level 1:colcon.colcon_core.environment:checking '/home/thesis/Lidar_controller_ws/install/my_lidar_controller' for CMake config files
[45.108s] Level 1:colcon.colcon_core.environment:checking '/home/thesis/Lidar_controller_ws/install/my_lidar_controller/lib'
[45.109s] Level 1:colcon.colcon_core.environment:checking '/home/thesis/Lidar_controller_ws/install/my_lidar_controller/bin'
[45.110s] Level 1:colcon.colcon_core.environment:checking '/home/thesis/Lidar_controller_ws/install/my_lidar_controller/lib/pkgconfig/my_lidar_controller.pc'
[45.111s] Level 1:colcon.colcon_core.environment:checking '/home/thesis/Lidar_controller_ws/install/my_lidar_controller/lib/python3.12/site-packages'
[45.111s] Level 1:colcon.colcon_core.shell:create_environment_hook('my_lidar_controller', 'pythonpath')
[45.112s] INFO:colcon.colcon_core.shell:Creating environment hook '/home/thesis/Lidar_controller_ws/install/my_lidar_controller/share/my_lidar_controller/hook/pythonpath.ps1'
[45.114s] INFO:colcon.colcon_core.shell:Creating environment descriptor '/home/thesis/Lidar_controller_ws/install/my_lidar_controller/share/my_lidar_controller/hook/pythonpath.dsv'
[45.116s] INFO:colcon.colcon_core.shell:Creating environment hook '/home/thesis/Lidar_controller_ws/install/my_lidar_controller/share/my_lidar_controller/hook/pythonpath.sh'
[45.119s] Level 1:colcon.colcon_core.environment:checking '/home/thesis/Lidar_controller_ws/install/my_lidar_controller/bin'
[45.119s] Level 1:colcon.colcon_core.environment:create_environment_scripts_only(my_lidar_controller)
[45.120s] INFO:colcon.colcon_core.shell:Creating package script '/home/thesis/Lidar_controller_ws/install/my_lidar_controller/share/my_lidar_controller/package.ps1'
[45.124s] INFO:colcon.colcon_core.shell:Creating package descriptor '/home/thesis/Lidar_controller_ws/install/my_lidar_controller/share/my_lidar_controller/package.dsv'
[45.127s] INFO:colcon.colcon_core.shell:Creating package script '/home/thesis/Lidar_controller_ws/install/my_lidar_controller/share/my_lidar_controller/package.sh'
[45.132s] INFO:colcon.colcon_core.shell:Creating package script '/home/thesis/Lidar_controller_ws/install/my_lidar_controller/share/my_lidar_controller/package.bash'
[45.135s] INFO:colcon.colcon_core.shell:Creating package script '/home/thesis/Lidar_controller_ws/install/my_lidar_controller/share/my_lidar_controller/package.zsh'
[45.138s] Level 1:colcon.colcon_core.environment:create_file_with_runtime_dependencies(/home/thesis/Lidar_controller_ws/install/my_lidar_controller/share/colcon-core/packages/my_lidar_controller)
[45.140s] DEBUG:colcon.colcon_parallel_executor.executor.parallel:closing loop
[45.142s] DEBUG:colcon.colcon_parallel_executor.executor.parallel:loop closed
[45.142s] DEBUG:colcon.colcon_parallel_executor.executor.parallel:run_until_complete finished with '0'
[45.142s] DEBUG:colcon.colcon_core.event_reactor:joining thread
[45.242s] INFO:colcon.colcon_core.plugin_system:Skipping extension 'colcon_notification.desktop_notification.terminal_notifier': Not used on non-Darwin systems
[45.242s] INFO:colcon.colcon_core.plugin_system:Skipping extension 'colcon_notification.desktop_notification.win32': Not used on non-Windows systems
[45.243s] INFO:colcon.colcon_notification.desktop_notification:Sending desktop notification using 'notify2'
[45.324s] DEBUG:colcon.colcon_core.event_reactor:joined thread
[45.325s] INFO:colcon.colcon_core.shell:Creating prefix script '/home/thesis/Lidar_controller_ws/install/local_setup.ps1'
[45.329s] INFO:colcon.colcon_core.shell:Creating prefix util module '/home/thesis/Lidar_controller_ws/install/_local_setup_util_ps1.py'
[45.335s] INFO:colcon.colcon_core.shell:Creating prefix chain script '/home/thesis/Lidar_controller_ws/install/setup.ps1'
[45.460s] INFO:colcon.colcon_core.shell:Creating prefix script '/home/thesis/Lidar_controller_ws/install/local_setup.sh'
[45.463s] INFO:colcon.colcon_core.shell:Creating prefix util module '/home/thesis/Lidar_controller_ws/install/_local_setup_util_sh.py'
[45.466s] INFO:colcon.colcon_core.shell:Creating prefix chain script '/home/thesis/Lidar_controller_ws/install/setup.sh'
[45.566s] INFO:colcon.colcon_core.shell:Creating prefix script '/home/thesis/Lidar_controller_ws/install/local_setup.bash'
[45.568s] INFO:colcon.colcon_core.shell:Creating prefix chain script '/home/thesis/Lidar_controller_ws/install/setup.bash'
[45.662s] INFO:colcon.colcon_core.shell:Creating prefix script '/home/thesis/Lidar_controller_ws/install/local_setup.zsh'
[45.665s] INFO:colcon.colcon_core.shell:Creating prefix chain script '/home/thesis/Lidar_controller_ws/install/setup.zsh'
