[1.477s] DEBUG:colcon:Command line arguments: ['/usr/bin/colcon', 'build']
[1.477s] DEBUG:colcon:Parsed command line arguments: Namespace(log_base=None, log_level=None, verb_name='build', build_base='build', install_base='install', merge_install=False, symlink_install=False, test_result_base=None, continue_on_error=False, executor='parallel', parallel_workers=4, event_handlers=None, ignore_user_meta=False, metas=['./colcon.meta'], base_paths=['.'], packages_ignore=None, packages_ignore_regex=None, paths=None, packages_up_to=None, packages_up_to_regex=None, packages_above=None, packages_above_and_dependencies=None, packages_above_depth=None, packages_select_by_dep=None, packages_skip_by_dep=None, packages_skip_up_to=None, packages_select_build_failed=False, packages_skip_build_finished=False, packages_select_test_failures=False, packages_skip_test_passed=False, packages_select=None, packages_skip=None, packages_select_regex=None, packages_skip_regex=None, packages_start=None, packages_end=None, allow_overriding=[], cmake_args=None, cmake_target=None, cmake_target_skip_unavailable=False, cmake_clean_cache=False, cmake_clean_first=False, cmake_force_configure=False, ament_cmake_args=None, catkin_cmake_args=None, catkin_skip_building_tests=False, mixin_files=None, mixin=None, verb_parser=<colcon_mixin.mixin.mixin_argument.MixinArgumentDecorator object at 0xffffaf562570>, verb_extension=<colcon_core.verb.build.BuildVerb object at 0xffffaf490bc0>, main=<bound method BuildVerb.main of <colcon_core.verb.build.BuildVerb object at 0xffffaf490bc0>>, mixin_verb=('build',))
[1.928s] Level 1:colcon.colcon_core.package_discovery:discover_packages(colcon_meta) check parameters
[1.929s] Level 1:colcon.colcon_core.package_discovery:discover_packages(recursive) check parameters
[1.929s] Level 1:colcon.colcon_core.package_discovery:discover_packages(ignore) check parameters
[1.929s] Level 1:colcon.colcon_core.package_discovery:discover_packages(path) check parameters
[1.929s] Level 1:colcon.colcon_core.package_discovery:discover_packages(colcon_meta) discover
[1.929s] Level 1:colcon.colcon_core.package_discovery:discover_packages(recursive) discover
[1.929s] INFO:colcon.colcon_core.package_discovery:Crawling recursively for packages in '/home/thesis/Lidar_controller_ws'
[1.930s] Level 1:colcon.colcon_core.package_identification:_identify(.) by extensions ['ignore', 'ignore_ament_install']
[1.930s] Level 1:colcon.colcon_core.package_identification:_identify(.) by extension 'ignore'
[1.930s] Level 1:colcon.colcon_core.package_identification:_identify(.) by extension 'ignore_ament_install'
[1.931s] Level 1:colcon.colcon_core.package_identification:_identify(.) by extensions ['colcon_pkg']
[1.931s] Level 1:colcon.colcon_core.package_identification:_identify(.) by extension 'colcon_pkg'
[1.931s] Level 1:colcon.colcon_core.package_identification:_identify(.) by extensions ['colcon_meta']
[1.931s] Level 1:colcon.colcon_core.package_identification:_identify(.) by extension 'colcon_meta'
[1.931s] Level 1:colcon.colcon_core.package_identification:_identify(.) by extensions ['ros']
[1.931s] Level 1:colcon.colcon_core.package_identification:_identify(.) by extension 'ros'
[2.089s] Level 1:colcon.colcon_core.package_identification:_identify(.) by extensions ['cmake', 'python']
[2.089s] Level 1:colcon.colcon_core.package_identification:_identify(.) by extension 'cmake'
[2.090s] Level 1:colcon.colcon_core.package_identification:_identify(.) by extension 'python'
[2.090s] Level 1:colcon.colcon_core.package_identification:_identify(.) by extensions ['python_setup_py']
[2.090s] Level 1:colcon.colcon_core.package_identification:_identify(.) by extension 'python_setup_py'
[2.090s] Level 1:colcon.colcon_core.package_identification:_identify(build) by extensions ['ignore', 'ignore_ament_install']
[2.091s] Level 1:colcon.colcon_core.package_identification:_identify(build) by extension 'ignore'
[2.091s] Level 1:colcon.colcon_core.package_identification:_identify(build) ignored
[2.091s] Level 1:colcon.colcon_core.package_identification:_identify(install) by extensions ['ignore', 'ignore_ament_install']
[2.092s] Level 1:colcon.colcon_core.package_identification:_identify(install) by extension 'ignore'
[2.092s] Level 1:colcon.colcon_core.package_identification:_identify(install) ignored
[2.092s] Level 1:colcon.colcon_core.package_identification:_identify(log) by extensions ['ignore', 'ignore_ament_install']
[2.093s] Level 1:colcon.colcon_core.package_identification:_identify(log) by extension 'ignore'
[2.093s] Level 1:colcon.colcon_core.package_identification:_identify(log) ignored
[2.093s] Level 1:colcon.colcon_core.package_identification:_identify(src) by extensions ['ignore', 'ignore_ament_install']
[2.093s] Level 1:colcon.colcon_core.package_identification:_identify(src) by extension 'ignore'
[2.094s] Level 1:colcon.colcon_core.package_identification:_identify(src) by extension 'ignore_ament_install'
[2.094s] Level 1:colcon.colcon_core.package_identification:_identify(src) by extensions ['colcon_pkg']
[2.094s] Level 1:colcon.colcon_core.package_identification:_identify(src) by extension 'colcon_pkg'
[2.094s] Level 1:colcon.colcon_core.package_identification:_identify(src) by extensions ['colcon_meta']
[2.094s] Level 1:colcon.colcon_core.package_identification:_identify(src) by extension 'colcon_meta'
[2.094s] Level 1:colcon.colcon_core.package_identification:_identify(src) by extensions ['ros']
[2.094s] Level 1:colcon.colcon_core.package_identification:_identify(src) by extension 'ros'
[2.095s] Level 1:colcon.colcon_core.package_identification:_identify(src) by extensions ['cmake', 'python']
[2.095s] Level 1:colcon.colcon_core.package_identification:_identify(src) by extension 'cmake'
[2.095s] Level 1:colcon.colcon_core.package_identification:_identify(src) by extension 'python'
[2.095s] Level 1:colcon.colcon_core.package_identification:_identify(src) by extensions ['python_setup_py']
[2.095s] Level 1:colcon.colcon_core.package_identification:_identify(src) by extension 'python_setup_py'
[2.096s] Level 1:colcon.colcon_core.package_discovery:discover_packages(recursive) using defaults
[2.096s] Level 1:colcon.colcon_core.package_discovery:discover_packages(ignore) discover
[2.096s] Level 1:colcon.colcon_core.package_discovery:discover_packages(ignore) using defaults
[2.096s] Level 1:colcon.colcon_core.package_discovery:discover_packages(path) discover
[2.096s] Level 1:colcon.colcon_core.package_discovery:discover_packages(path) using defaults
[2.367s] Level 1:colcon.colcon_core.package_discovery:discover_packages(prefix_path) check parameters
[2.367s] Level 1:colcon.colcon_core.package_discovery:discover_packages(prefix_path) discover
[2.667s] DEBUG:colcon.colcon_installed_package_information.package_discovery:Found 1 installed packages in /home/thesis/ldlidar_ros2_ws/install
[2.671s] DEBUG:colcon.colcon_installed_package_information.package_discovery:Found 1 installed packages in /home/thesis/ros2_ws/install
[2.730s] DEBUG:colcon.colcon_installed_package_information.package_discovery:Found 362 installed packages in /home/thesis/ros2_jazzy/install
[2.791s] Level 1:colcon.colcon_core.package_discovery:discover_packages(prefix_path) using defaults
[5.341s] INFO:colcon.colcon_core.executor:Executing jobs using 'parallel' executor
[5.344s] DEBUG:colcon.colcon_parallel_executor.executor.parallel:run_until_complete
[5.345s] DEBUG:colcon.colcon_parallel_executor.executor.parallel:closing loop
[5.345s] DEBUG:colcon.colcon_parallel_executor.executor.parallel:loop closed
[5.345s] DEBUG:colcon.colcon_parallel_executor.executor.parallel:run_until_complete finished with '0'
[5.345s] DEBUG:colcon.colcon_core.event_reactor:joining thread
[5.450s] INFO:colcon.colcon_core.plugin_system:Skipping extension 'colcon_notification.desktop_notification.terminal_notifier': Not used on non-Darwin systems
[5.451s] INFO:colcon.colcon_core.plugin_system:Skipping extension 'colcon_notification.desktop_notification.win32': Not used on non-Windows systems
[5.451s] INFO:colcon.colcon_notification.desktop_notification:Sending desktop notification using 'notify2'
[5.681s] DEBUG:colcon.colcon_core.event_reactor:joined thread
[5.727s] INFO:colcon.colcon_core.plugin_system:Skipping extension 'colcon_core.shell.bat': Not used on non-Windows systems
[5.728s] INFO:colcon.colcon_core.shell:Creating prefix script '/home/thesis/Lidar_controller_ws/install/local_setup.ps1'
[5.734s] INFO:colcon.colcon_core.shell:Creating prefix util module '/home/thesis/Lidar_controller_ws/install/_local_setup_util_ps1.py'
[5.741s] INFO:colcon.colcon_core.shell:Creating prefix chain script '/home/thesis/Lidar_controller_ws/install/setup.ps1'
[5.836s] INFO:colcon.colcon_core.shell:Creating prefix script '/home/thesis/Lidar_controller_ws/install/local_setup.sh'
[5.839s] INFO:colcon.colcon_core.shell:Creating prefix util module '/home/thesis/Lidar_controller_ws/install/_local_setup_util_sh.py'
[5.841s] INFO:colcon.colcon_core.shell:Creating prefix chain script '/home/thesis/Lidar_controller_ws/install/setup.sh'
[5.931s] INFO:colcon.colcon_core.shell:Creating prefix script '/home/thesis/Lidar_controller_ws/install/local_setup.bash'
[5.934s] INFO:colcon.colcon_core.shell:Creating prefix chain script '/home/thesis/Lidar_controller_ws/install/setup.bash'
[6.021s] INFO:colcon.colcon_core.shell:Creating prefix script '/home/thesis/Lidar_controller_ws/install/local_setup.zsh'
[6.024s] INFO:colcon.colcon_core.shell:Creating prefix chain script '/home/thesis/Lidar_controller_ws/install/setup.zsh'
