running develop
/usr/lib/python3/dist-packages/setuptools/command/develop.py:40: EasyInstallDeprecationWarning: easy_install command is deprecated.
!!

        ********************************************************************************
        Please avoid running ``setup.py`` and ``easy_install``.
        Instead, use pypa/build, pypa/installer or other
        standards-based tools.

        See https://github.com/pypa/setuptools/issues/917 for details.
        ********************************************************************************

!!
  easy_install.initialize_options(self)
/usr/lib/python3/dist-packages/setuptools/command/easy_install.py:363: UserWarning: Unbuilt egg for pytest-repeat [unknown version] (/usr/lib/python3/dist-packages)
  self.local_index = Environment(self.shadow_path + sys.path)
running egg_info
writing my_lidar_controller.egg-info/PKG-INFO
writing dependency_links to my_lidar_controller.egg-info/dependency_links.txt
writing entry points to my_lidar_controller.egg-info/entry_points.txt
writing requirements to my_lidar_controller.egg-info/requires.txt
writing top-level names to my_lidar_controller.egg-info/top_level.txt
reading manifest file 'my_lidar_controller.egg-info/SOURCES.txt'
writing manifest file 'my_lidar_controller.egg-info/SOURCES.txt'
running build_ext
Creating /home/thesis/Lidar_controller_ws/install/my_lidar_controller/lib/python3.12/site-packages/my-lidar-controller.egg-link (link to .)
Installing data_get script to /home/thesis/Lidar_controller_ws/install/my_lidar_controller/lib/my_lidar_controller

Installed /home/thesis/Lidar_controller_ws/build/my_lidar_controller
running symlink_data
symbolically linking /home/thesis/Lidar_controller_ws/build/my_lidar_controller/resource/my_lidar_controller -> /home/thesis/Lidar_controller_ws/install/my_lidar_controller/share/ament_index/resource_index/packages
symbolically linking /home/thesis/Lidar_controller_ws/build/my_lidar_controller/package.xml -> /home/thesis/Lidar_controller_ws/install/my_lidar_controller/share/my_lidar_controller
